<?xml version="1.0" encoding="UTF-8"?>
<!-- Generated by org.testng.reporters.JUnitReportReporter -->
<testsuite skipped="0" hostname="TIPS" name="test.LoginTest" tests="1" failures="0" timestamp="2022-02-12T11:12:43 CST" time="4.321" errors="0">
  <testcase name="validUserShouldBeAbleToLogin" time="4.321" classname="test.LoginTest"/>
  <system-out/>
</testsuite> <!-- test.LoginTest -->
