<?xml version="1.0" encoding="UTF-8"?>
<!-- Generated by org.testng.reporters.JUnitReportReporter -->
<testsuite skipped="0" hostname="TIPS" name="test.AddCustomerTest" tests="1" failures="0" timestamp="2022-02-12T13:19:41 CST" time="9.590" errors="0">
  <testcase name="validUserShouldBeAbleToCreateCustomer" time="9.590" classname="test.AddCustomerTest"/>
  <system-out/>
</testsuite> <!-- test.AddCustomerTest -->
